<?xml version="1.0" encoding="UTF-8"?>
<!-- Generated by org.testng.reporters.JUnitReportReporter -->
<testsuite hostname="ashish" failures="0" tests="2" name="Tests.LoginTest" time="46.815" errors="0" timestamp="2022-03-16T23:56:53 IST" skipped="0">
  <testcase classname="Tests.LoginTest" name="login" time="25.833"/>
  <system-out/>
  <testcase classname="Tests.LoginTest" name="login" time="20.982"/>
  <system-out/>
</testsuite> <!-- Tests.LoginTest -->
