<?xml version="1.0" encoding="UTF-8"?>
<!-- Generated by org.testng.reporters.JUnitReportReporter -->
<testsuite hostname="ashish" failures="0" tests="1" name="Tests.DummyTest1" time="20.587" errors="0" timestamp="2022-03-16T23:56:53 IST" skipped="0">
  <testcase classname="Tests.DummyTest1" name="dummyTest1" time="20.587"/>
  <system-out/>
</testsuite> <!-- Tests.DummyTest1 -->
