<?xml version="1.0" encoding="UTF-8"?>
<!-- Generated by org.testng.reporters.JUnitReportReporter -->
<testsuite hostname="ashish" failures="0" tests="1" name="runner.Runner" time="14.525" errors="0" timestamp="2022-03-15T15:33:03 IST" skipped="0">
  <testcase classname="runner.Runner" name="runScenario" time="14.525"/>
  <system-out/>
</testsuite> <!-- runner.Runner -->
